<?xml version="1.0" encoding="UTF-8"?>
<!-- Generated by org.testng.reporters.JUnitReportReporter -->
<testsuite skipped="0" hostname="sqa-linux-pc" name="com.qa.base.TestNgFeatures" tests="4" failures="0" timestamp="03 Jan 2018 03:05:17 GMT" time="0.033" errors="0">
  <testcase name="searchPageTest" time="0.004" classname="com.qa.base.TestNgFeatures"/>
  <testcase name="homePageTest" time="0.003" classname="com.qa.base.TestNgFeatures"/>
  <testcase name="regPageTest" time="0.004" classname="com.qa.base.TestNgFeatures"/>
  <testcase name="loginTest" time="0.022" classname="com.qa.base.TestNgFeatures"/>
</testsuite> <!-- com.qa.base.TestNgFeatures -->
