<?xml version="1.0" encoding="UTF-8"?>
<!-- Generated by org.testng.reporters.JUnitReportReporter -->
<testsuite skipped="0" hostname="sqa-linux-pc" name="com.qa.parameters.ParameterTest" tests="1" failures="0" timestamp="07 Jan 2018 22:37:40 GMT" time="6.280" errors="0">
  <testcase name="yahooLoginTest" time="6.280" classname="com.qa.parameters.ParameterTest"/>
</testsuite> <!-- com.qa.parameters.ParameterTest -->
