<?xml version="1.0" encoding="UTF-8"?>
<!-- Generated by org.testng.reporters.JUnitReportReporter -->
<testsuite skipped="0" hostname="sqa-linux-pc" name="com.qa.base.ExceptionTimeOutTest" tests="1" failures="0" timestamp="03 Jan 2018 03:05:17 GMT" time="0.004" errors="0">
  <testcase name="test_1" time="0.004" classname="com.qa.base.ExceptionTimeOutTest"/>
</testsuite> <!-- com.qa.base.ExceptionTimeOutTest -->
