<?xml version="1.0" encoding="UTF-8"?>
<!-- Generated by org.testng.reporters.JUnitReportReporter -->
<testsuite skipped="0" hostname="sqa-linux-pc" name="com.qa.base.InvocationCountTest" tests="10" failures="0" timestamp="03 Jan 2018 03:05:17 GMT" time="0.029" errors="0">
  <testcase name="sum" time="0.002" classname="com.qa.base.InvocationCountTest"/>
  <testcase name="sum" time="0.003" classname="com.qa.base.InvocationCountTest"/>
  <testcase name="sum" time="0.002" classname="com.qa.base.InvocationCountTest"/>
  <testcase name="sum" time="0.003" classname="com.qa.base.InvocationCountTest"/>
  <testcase name="sum" time="0.004" classname="com.qa.base.InvocationCountTest"/>
  <testcase name="sum" time="0.003" classname="com.qa.base.InvocationCountTest"/>
  <testcase name="sum" time="0.003" classname="com.qa.base.InvocationCountTest"/>
  <testcase name="sum" time="0.002" classname="com.qa.base.InvocationCountTest"/>
  <testcase name="sum" time="0.004" classname="com.qa.base.InvocationCountTest"/>
  <testcase name="sum" time="0.003" classname="com.qa.base.InvocationCountTest"/>
</testsuite> <!-- com.qa.base.InvocationCountTest -->
